Analysis & Synthesis report for pratica_2
Fri Feb 26 16:49:43 2021
Quartus II 64-Bit Version 13.0.1 Build 232 06/12/2013 Service Pack 1 SJ Web Edition


---------------------
; Table of Contents ;
---------------------
  1. Legal Notice
  2. Analysis & Synthesis Summary
  3. Analysis & Synthesis Settings
  4. Parallel Compilation
  5. Analysis & Synthesis Source Files Read
  6. Analysis & Synthesis Resource Usage Summary
  7. Analysis & Synthesis Resource Utilization by Entity
  8. Analysis & Synthesis RAM Summary
  9. Analysis & Synthesis IP Cores Summary
 10. User-Specified and Inferred Latches
 11. General Register Statistics
 12. Multiplexer Restructuring Statistics (Restructuring Performed)
 13. Source assignments for memory:mem|altsyncram:altsyncram_component|altsyncram_sd81:auto_generated
 14. Parameter Settings for User Entity Instance: memory:mem|altsyncram:altsyncram_component
 15. Parameter Settings for User Entity Instance: processor:proc|regn:reg_0
 16. Parameter Settings for User Entity Instance: processor:proc|regn:reg_1
 17. Parameter Settings for User Entity Instance: processor:proc|regn:reg_2
 18. Parameter Settings for User Entity Instance: processor:proc|regn:reg_3
 19. Parameter Settings for User Entity Instance: processor:proc|regn:reg_4
 20. Parameter Settings for User Entity Instance: processor:proc|regn:reg_5
 21. Parameter Settings for User Entity Instance: processor:proc|regn:reg_6
 22. Parameter Settings for User Entity Instance: processor:proc|regn:reg_7
 23. Parameter Settings for User Entity Instance: processor:proc|regn:reg_A
 24. Parameter Settings for User Entity Instance: processor:proc|regn:reg_G
 25. Parameter Settings for User Entity Instance: processor:proc|regn_9:reg_IR
 26. altsyncram Parameter Settings by Entity Instance
 27. Port Connectivity Checks: "processor:proc|dec3to8:decY"
 28. Port Connectivity Checks: "processor:proc|dec3to8:decX"
 29. Elapsed Time Per Partition
 30. Analysis & Synthesis Messages



----------------
; Legal Notice ;
----------------
Copyright (C) 1991-2013 Altera Corporation
Your use of Altera Corporation's design tools, logic functions 
and other software and tools, and its AMPP partner logic 
functions, and any output files from any of the foregoing 
(including device programming or simulation files), and any 
associated documentation or information are expressly subject 
to the terms and conditions of the Altera Program License 
Subscription Agreement, Altera MegaCore Function License 
Agreement, or other applicable license agreement, including, 
without limitation, that your use is for the sole purpose of 
programming logic devices manufactured by Altera and sold by 
Altera or its authorized distributors.  Please refer to the 
applicable agreement for further details.



+--------------------------------------------------------------------------------------+
; Analysis & Synthesis Summary                                                         ;
+------------------------------------+-------------------------------------------------+
; Analysis & Synthesis Status        ; Successful - Fri Feb 26 16:49:43 2021           ;
; Quartus II 64-Bit Version          ; 13.0.1 Build 232 06/12/2013 SP 1 SJ Web Edition ;
; Revision Name                      ; pratica_2                                       ;
; Top-level Entity Name              ; pratica_2                                       ;
; Family                             ; Cyclone II                                      ;
; Total logic elements               ; 653                                             ;
;     Total combinational functions  ; 525                                             ;
;     Dedicated logic registers      ; 176                                             ;
; Total registers                    ; 176                                             ;
; Total pins                         ; 21                                              ;
; Total virtual pins                 ; 0                                               ;
; Total memory bits                  ; 512                                             ;
; Embedded Multiplier 9-bit elements ; 0                                               ;
; Total PLLs                         ; 0                                               ;
+------------------------------------+-------------------------------------------------+


+----------------------------------------------------------------------------------------------------------------------+
; Analysis & Synthesis Settings                                                                                        ;
+----------------------------------------------------------------------------+--------------------+--------------------+
; Option                                                                     ; Setting            ; Default Value      ;
+----------------------------------------------------------------------------+--------------------+--------------------+
; Device                                                                     ; EP2C35F672C6       ;                    ;
; Top-level entity name                                                      ; pratica_2          ; pratica_2          ;
; Family name                                                                ; Cyclone II         ; Cyclone IV GX      ;
; Use smart compilation                                                      ; Off                ; Off                ;
; Enable parallel Assembler and TimeQuest Timing Analyzer during compilation ; On                 ; On                 ;
; Enable compact report table                                                ; Off                ; Off                ;
; Restructure Multiplexers                                                   ; Auto               ; Auto               ;
; Create Debugging Nodes for IP Cores                                        ; Off                ; Off                ;
; Preserve fewer node names                                                  ; On                 ; On                 ;
; Disable OpenCore Plus hardware evaluation                                  ; Off                ; Off                ;
; Verilog Version                                                            ; Verilog_2001       ; Verilog_2001       ;
; VHDL Version                                                               ; VHDL_1993          ; VHDL_1993          ;
; State Machine Processing                                                   ; Auto               ; Auto               ;
; Safe State Machine                                                         ; Off                ; Off                ;
; Extract Verilog State Machines                                             ; On                 ; On                 ;
; Extract VHDL State Machines                                                ; On                 ; On                 ;
; Ignore Verilog initial constructs                                          ; Off                ; Off                ;
; Iteration limit for constant Verilog loops                                 ; 5000               ; 5000               ;
; Iteration limit for non-constant Verilog loops                             ; 250                ; 250                ;
; Add Pass-Through Logic to Inferred RAMs                                    ; On                 ; On                 ;
; Infer RAMs from Raw Logic                                                  ; On                 ; On                 ;
; Parallel Synthesis                                                         ; On                 ; On                 ;
; DSP Block Balancing                                                        ; Auto               ; Auto               ;
; NOT Gate Push-Back                                                         ; On                 ; On                 ;
; Power-Up Don't Care                                                        ; On                 ; On                 ;
; Remove Redundant Logic Cells                                               ; Off                ; Off                ;
; Remove Duplicate Registers                                                 ; On                 ; On                 ;
; Ignore CARRY Buffers                                                       ; Off                ; Off                ;
; Ignore CASCADE Buffers                                                     ; Off                ; Off                ;
; Ignore GLOBAL Buffers                                                      ; Off                ; Off                ;
; Ignore ROW GLOBAL Buffers                                                  ; Off                ; Off                ;
; Ignore LCELL Buffers                                                       ; Off                ; Off                ;
; Ignore SOFT Buffers                                                        ; On                 ; On                 ;
; Limit AHDL Integers to 32 Bits                                             ; Off                ; Off                ;
; Optimization Technique                                                     ; Balanced           ; Balanced           ;
; Carry Chain Length                                                         ; 70                 ; 70                 ;
; Auto Carry Chains                                                          ; On                 ; On                 ;
; Auto Open-Drain Pins                                                       ; On                 ; On                 ;
; Perform WYSIWYG Primitive Resynthesis                                      ; Off                ; Off                ;
; Auto ROM Replacement                                                       ; On                 ; On                 ;
; Auto RAM Replacement                                                       ; On                 ; On                 ;
; Auto Shift Register Replacement                                            ; Auto               ; Auto               ;
; Allow Shift Register Merging across Hierarchies                            ; Auto               ; Auto               ;
; Auto Clock Enable Replacement                                              ; On                 ; On                 ;
; Strict RAM Replacement                                                     ; Off                ; Off                ;
; Allow Synchronous Control Signals                                          ; On                 ; On                 ;
; Force Use of Synchronous Clear Signals                                     ; Off                ; Off                ;
; Auto RAM to Logic Cell Conversion                                          ; Off                ; Off                ;
; Auto Resource Sharing                                                      ; Off                ; Off                ;
; Allow Any RAM Size For Recognition                                         ; Off                ; Off                ;
; Allow Any ROM Size For Recognition                                         ; Off                ; Off                ;
; Allow Any Shift Register Size For Recognition                              ; Off                ; Off                ;
; Use LogicLock Constraints during Resource Balancing                        ; On                 ; On                 ;
; Ignore translate_off and synthesis_off directives                          ; Off                ; Off                ;
; Timing-Driven Synthesis                                                    ; Off                ; Off                ;
; Report Parameter Settings                                                  ; On                 ; On                 ;
; Report Source Assignments                                                  ; On                 ; On                 ;
; Report Connectivity Checks                                                 ; On                 ; On                 ;
; Ignore Maximum Fan-Out Assignments                                         ; Off                ; Off                ;
; Synchronization Register Chain Length                                      ; 2                  ; 2                  ;
; PowerPlay Power Optimization                                               ; Normal compilation ; Normal compilation ;
; HDL message level                                                          ; Level2             ; Level2             ;
; Suppress Register Optimization Related Messages                            ; Off                ; Off                ;
; Number of Removed Registers Reported in Synthesis Report                   ; 5000               ; 5000               ;
; Number of Swept Nodes Reported in Synthesis Report                         ; 5000               ; 5000               ;
; Number of Inverted Registers Reported in Synthesis Report                  ; 100                ; 100                ;
; Clock MUX Protection                                                       ; On                 ; On                 ;
; Auto Gated Clock Conversion                                                ; Off                ; Off                ;
; Block Design Naming                                                        ; Auto               ; Auto               ;
; SDC constraint protection                                                  ; Off                ; Off                ;
; Synthesis Effort                                                           ; Auto               ; Auto               ;
; Shift Register Replacement - Allow Asynchronous Clear Signal               ; On                 ; On                 ;
; Pre-Mapping Resynthesis Optimization                                       ; Off                ; Off                ;
; Analysis & Synthesis Message Level                                         ; Medium             ; Medium             ;
; Disable Register Merging Across Hierarchies                                ; Auto               ; Auto               ;
; Resource Aware Inference For Block RAM                                     ; On                 ; On                 ;
; Synthesis Seed                                                             ; 1                  ; 1                  ;
+----------------------------------------------------------------------------+--------------------+--------------------+


Parallel compilation was disabled, but you have multiple processors available. Enable parallel compilation to reduce compilation time.
+-------------------------------------+
; Parallel Compilation                ;
+----------------------------+--------+
; Processors                 ; Number ;
+----------------------------+--------+
; Number detected on machine ; 4      ;
; Maximum allowed            ; 1      ;
+----------------------------+--------+


+---------------------------------------------------------------------------------------------------------------------------------------------------------------------------------+
; Analysis & Synthesis Source Files Read                                                                                                                                          ;
+----------------------------------+-----------------+----------------------------------------+-------------------------------------------------------------------------+---------+
; File Name with User-Entered Path ; Used in Netlist ; File Type                              ; File Name with Absolute Path                                            ; Library ;
+----------------------------------+-----------------+----------------------------------------+-------------------------------------------------------------------------+---------+
; upcount.v                        ; yes             ; User Verilog HDL File                  ; C:/pratica_2 - Julio e Iagor/projeto_pratica_2/upcount.v                ;         ;
; ULA.v                            ; yes             ; User Verilog HDL File                  ; C:/pratica_2 - Julio e Iagor/projeto_pratica_2/ULA.v                    ;         ;
; processor.v                      ; yes             ; User Verilog HDL File                  ; C:/pratica_2 - Julio e Iagor/projeto_pratica_2/processor.v              ;         ;
; pratica_2.v                      ; yes             ; User Verilog HDL File                  ; C:/pratica_2 - Julio e Iagor/projeto_pratica_2/pratica_2.v              ;         ;
; multiplex.v                      ; yes             ; User Verilog HDL File                  ; C:/pratica_2 - Julio e Iagor/projeto_pratica_2/multiplex.v              ;         ;
; memory.v                         ; yes             ; User Wizard-Generated File             ; C:/pratica_2 - Julio e Iagor/projeto_pratica_2/memory.v                 ;         ;
; dec3to8.v                        ; yes             ; User Verilog HDL File                  ; C:/pratica_2 - Julio e Iagor/projeto_pratica_2/dec3to8.v                ;         ;
; altsyncram.tdf                   ; yes             ; Megafunction                           ; c:/altera/13.0sp1/quartus/libraries/megafunctions/altsyncram.tdf        ;         ;
; stratix_ram_block.inc            ; yes             ; Megafunction                           ; c:/altera/13.0sp1/quartus/libraries/megafunctions/stratix_ram_block.inc ;         ;
; lpm_mux.inc                      ; yes             ; Megafunction                           ; c:/altera/13.0sp1/quartus/libraries/megafunctions/lpm_mux.inc           ;         ;
; lpm_decode.inc                   ; yes             ; Megafunction                           ; c:/altera/13.0sp1/quartus/libraries/megafunctions/lpm_decode.inc        ;         ;
; aglobal130.inc                   ; yes             ; Megafunction                           ; c:/altera/13.0sp1/quartus/libraries/megafunctions/aglobal130.inc        ;         ;
; a_rdenreg.inc                    ; yes             ; Megafunction                           ; c:/altera/13.0sp1/quartus/libraries/megafunctions/a_rdenreg.inc         ;         ;
; altrom.inc                       ; yes             ; Megafunction                           ; c:/altera/13.0sp1/quartus/libraries/megafunctions/altrom.inc            ;         ;
; altram.inc                       ; yes             ; Megafunction                           ; c:/altera/13.0sp1/quartus/libraries/megafunctions/altram.inc            ;         ;
; altdpram.inc                     ; yes             ; Megafunction                           ; c:/altera/13.0sp1/quartus/libraries/megafunctions/altdpram.inc          ;         ;
; db/altsyncram_sd81.tdf           ; yes             ; Auto-Generated Megafunction            ; C:/pratica_2 - Julio e Iagor/projeto_pratica_2/db/altsyncram_sd81.tdf   ;         ;
; memoria_init.mif                 ; yes             ; Auto-Found Memory Initialization File  ; C:/pratica_2 - Julio e Iagor/projeto_pratica_2/memoria_init.mif         ;         ;
+----------------------------------+-----------------+----------------------------------------+-------------------------------------------------------------------------+---------+


+------------------------------------------------------+
; Analysis & Synthesis Resource Usage Summary          ;
+---------------------------------------------+--------+
; Resource                                    ; Usage  ;
+---------------------------------------------+--------+
; Estimated Total logic elements              ; 653    ;
;                                             ;        ;
; Total combinational functions               ; 525    ;
; Logic element usage by number of LUT inputs ;        ;
;     -- 4 input functions                    ; 242    ;
;     -- 3 input functions                    ; 168    ;
;     -- <=2 input functions                  ; 115    ;
;                                             ;        ;
; Logic elements by mode                      ;        ;
;     -- normal mode                          ; 490    ;
;     -- arithmetic mode                      ; 35     ;
;                                             ;        ;
; Total registers                             ; 176    ;
;     -- Dedicated logic registers            ; 176    ;
;     -- I/O registers                        ; 0      ;
;                                             ;        ;
; I/O pins                                    ; 21     ;
; Total memory bits                           ; 512    ;
; Embedded Multiplier 9-bit elements          ; 0      ;
; Maximum fan-out node                        ; PClock ;
; Maximum fan-out                             ; 171    ;
; Total fan-out                               ; 2340   ;
; Average fan-out                             ; 3.17   ;
+---------------------------------------------+--------+


+-------------------------------------------------------------------------------------------------------------------------------------------------------------------------------------------------------------------------------------------------------------+
; Analysis & Synthesis Resource Utilization by Entity                                                                                                                                                                                                         ;
+-------------------------------------------+-------------------+--------------+-------------+--------------+---------+-----------+------+--------------+--------------------------------------------------------------------------------------+--------------+
; Compilation Hierarchy Node                ; LC Combinationals ; LC Registers ; Memory Bits ; DSP Elements ; DSP 9x9 ; DSP 18x18 ; Pins ; Virtual Pins ; Full Hierarchy Name                                                                  ; Library Name ;
+-------------------------------------------+-------------------+--------------+-------------+--------------+---------+-----------+------+--------------+--------------------------------------------------------------------------------------+--------------+
; |pratica_2                                ; 525 (0)           ; 176 (0)      ; 512         ; 0            ; 0       ; 0         ; 21   ; 0            ; |pratica_2                                                                           ; work         ;
;    |memory:mem|                           ; 0 (0)             ; 0 (0)        ; 512         ; 0            ; 0       ; 0         ; 0    ; 0            ; |pratica_2|memory:mem                                                                ; work         ;
;       |altsyncram:altsyncram_component|   ; 0 (0)             ; 0 (0)        ; 512         ; 0            ; 0       ; 0         ; 0    ; 0            ; |pratica_2|memory:mem|altsyncram:altsyncram_component                                ; work         ;
;          |altsyncram_sd81:auto_generated| ; 0 (0)             ; 0 (0)        ; 512         ; 0            ; 0       ; 0         ; 0    ; 0            ; |pratica_2|memory:mem|altsyncram:altsyncram_component|altsyncram_sd81:auto_generated ; work         ;
;    |processor:proc|                       ; 520 (66)          ; 171 (0)      ; 0           ; 0            ; 0       ; 0         ; 0    ; 0            ; |pratica_2|processor:proc                                                            ; work         ;
;       |ULA:moduloULA|                     ; 252 (252)         ; 0 (0)        ; 0           ; 0            ; 0       ; 0         ; 0    ; 0            ; |pratica_2|processor:proc|ULA:moduloULA                                              ; work         ;
;       |multiplex:mult|                    ; 147 (147)         ; 0 (0)        ; 0           ; 0            ; 0       ; 0         ; 0    ; 0            ; |pratica_2|processor:proc|multiplex:mult                                             ; work         ;
;       |regn:reg_0|                        ; 1 (1)             ; 16 (16)      ; 0           ; 0            ; 0       ; 0         ; 0    ; 0            ; |pratica_2|processor:proc|regn:reg_0                                                 ; work         ;
;       |regn:reg_1|                        ; 1 (1)             ; 16 (16)      ; 0           ; 0            ; 0       ; 0         ; 0    ; 0            ; |pratica_2|processor:proc|regn:reg_1                                                 ; work         ;
;       |regn:reg_2|                        ; 1 (1)             ; 16 (16)      ; 0           ; 0            ; 0       ; 0         ; 0    ; 0            ; |pratica_2|processor:proc|regn:reg_2                                                 ; work         ;
;       |regn:reg_3|                        ; 1 (1)             ; 16 (16)      ; 0           ; 0            ; 0       ; 0         ; 0    ; 0            ; |pratica_2|processor:proc|regn:reg_3                                                 ; work         ;
;       |regn:reg_4|                        ; 1 (1)             ; 16 (16)      ; 0           ; 0            ; 0       ; 0         ; 0    ; 0            ; |pratica_2|processor:proc|regn:reg_4                                                 ; work         ;
;       |regn:reg_5|                        ; 1 (1)             ; 16 (16)      ; 0           ; 0            ; 0       ; 0         ; 0    ; 0            ; |pratica_2|processor:proc|regn:reg_5                                                 ; work         ;
;       |regn:reg_6|                        ; 1 (1)             ; 16 (16)      ; 0           ; 0            ; 0       ; 0         ; 0    ; 0            ; |pratica_2|processor:proc|regn:reg_6                                                 ; work         ;
;       |regn:reg_7|                        ; 17 (17)           ; 16 (16)      ; 0           ; 0            ; 0       ; 0         ; 0    ; 0            ; |pratica_2|processor:proc|regn:reg_7                                                 ; work         ;
;       |regn:reg_A|                        ; 2 (2)             ; 16 (16)      ; 0           ; 0            ; 0       ; 0         ; 0    ; 0            ; |pratica_2|processor:proc|regn:reg_A                                                 ; work         ;
;       |regn:reg_G|                        ; 17 (17)           ; 16 (16)      ; 0           ; 0            ; 0       ; 0         ; 0    ; 0            ; |pratica_2|processor:proc|regn:reg_G                                                 ; work         ;
;       |regn_9:reg_IR|                     ; 10 (10)           ; 9 (9)        ; 0           ; 0            ; 0       ; 0         ; 0    ; 0            ; |pratica_2|processor:proc|regn_9:reg_IR                                              ; work         ;
;       |upcount:Tstep|                     ; 2 (2)             ; 2 (2)        ; 0           ; 0            ; 0       ; 0         ; 0    ; 0            ; |pratica_2|processor:proc|upcount:Tstep                                              ; work         ;
;    |upcount_5:count|                      ; 5 (5)             ; 5 (5)        ; 0           ; 0            ; 0       ; 0         ; 0    ; 0            ; |pratica_2|upcount_5:count                                                           ; work         ;
+-------------------------------------------+-------------------+--------------+-------------+--------------+---------+-----------+------+--------------+--------------------------------------------------------------------------------------+--------------+
Note: For table entries with two numbers listed, the numbers in parentheses indicate the number of resources of the given type used by the specific entity alone. The numbers listed outside of parentheses indicate the total resources of the given type used by the specific entity and all of its sub-entities in the hierarchy.


+------------------------------------------------------------------------------------------------------------------------------------------------------------------------------------------+
; Analysis & Synthesis RAM Summary                                                                                                                                                         ;
+--------------------------------------------------------------------------------------+------+------+--------------+--------------+--------------+--------------+------+------------------+
; Name                                                                                 ; Type ; Mode ; Port A Depth ; Port A Width ; Port B Depth ; Port B Width ; Size ; MIF              ;
+--------------------------------------------------------------------------------------+------+------+--------------+--------------+--------------+--------------+------+------------------+
; memory:mem|altsyncram:altsyncram_component|altsyncram_sd81:auto_generated|ALTSYNCRAM ; AUTO ; ROM  ; 32           ; 16           ; --           ; --           ; 512  ; memoria_init.mif ;
+--------------------------------------------------------------------------------------+------+------+--------------+--------------+--------------+--------------+------+------------------+


+-------------------------------------------------------------------------------------------------------------------------------------------------+
; Analysis & Synthesis IP Cores Summary                                                                                                           ;
+--------+--------------+---------+--------------+--------------+-----------------------+---------------------------------------------------------+
; Vendor ; IP Core Name ; Version ; Release Date ; License Type ; Entity Instance       ; IP Include File                                         ;
+--------+--------------+---------+--------------+--------------+-----------------------+---------------------------------------------------------+
; Altera ; ROM: 1-PORT  ; 13.0    ; N/A          ; N/A          ; |pratica_2|memory:mem ; C:/pratica_2 - Julio e Iagor/projeto_pratica_2/memory.v ;
+--------+--------------+---------+--------------+--------------+-----------------------+---------------------------------------------------------+


+-----------------------------------------------------------------------------------------------------------------------+
; User-Specified and Inferred Latches                                                                                   ;
+-----------------------------------------------------+----------------------------------------+------------------------+
; Latch Name                                          ; Latch Enable Signal                    ; Free of Timing Hazards ;
+-----------------------------------------------------+----------------------------------------+------------------------+
; processor:proc|multiplex:mult|Out[0]                ; processor:proc|multiplex:mult|WideNor0 ; yes                    ;
; processor:proc|multiplex:mult|Out[1]                ; processor:proc|multiplex:mult|WideNor0 ; yes                    ;
; processor:proc|multiplex:mult|Out[2]                ; processor:proc|multiplex:mult|WideNor0 ; yes                    ;
; processor:proc|multiplex:mult|Out[3]                ; processor:proc|multiplex:mult|WideNor0 ; yes                    ;
; processor:proc|multiplex:mult|Out[4]                ; processor:proc|multiplex:mult|WideNor0 ; yes                    ;
; processor:proc|multiplex:mult|Out[5]                ; processor:proc|multiplex:mult|WideNor0 ; yes                    ;
; processor:proc|multiplex:mult|Out[6]                ; processor:proc|multiplex:mult|WideNor0 ; yes                    ;
; processor:proc|multiplex:mult|Out[7]                ; processor:proc|multiplex:mult|WideNor0 ; yes                    ;
; processor:proc|multiplex:mult|Out[8]                ; processor:proc|multiplex:mult|WideNor0 ; yes                    ;
; processor:proc|multiplex:mult|Out[9]                ; processor:proc|multiplex:mult|WideNor0 ; yes                    ;
; processor:proc|multiplex:mult|Out[10]               ; processor:proc|multiplex:mult|WideNor0 ; yes                    ;
; processor:proc|multiplex:mult|Out[11]               ; processor:proc|multiplex:mult|WideNor0 ; yes                    ;
; processor:proc|multiplex:mult|Out[12]               ; processor:proc|multiplex:mult|WideNor0 ; yes                    ;
; processor:proc|multiplex:mult|Out[13]               ; processor:proc|multiplex:mult|WideNor0 ; yes                    ;
; processor:proc|multiplex:mult|Out[14]               ; processor:proc|multiplex:mult|WideNor0 ; yes                    ;
; processor:proc|multiplex:mult|Out[15]               ; processor:proc|multiplex:mult|WideNor0 ; yes                    ;
; processor:proc|Done                                 ; processor:proc|Done                    ; yes                    ;
; processor:proc|dinOut                               ; processor:proc|waiting                 ; yes                    ;
; processor:proc|waiting                              ; processor:proc|waiting                 ; yes                    ;
; processor:proc|ULA:moduloULA|G[0]                   ; processor:proc|ULA:moduloULA|Mux16     ; yes                    ;
; processor:proc|Clear                                ; processor:proc|Clear                   ; yes                    ;
; processor:proc|regIn[7]                             ; processor:proc|regIn[7]                ; yes                    ;
; processor:proc|regIn[6]                             ; processor:proc|regIn[7]                ; yes                    ;
; processor:proc|regIn[5]                             ; processor:proc|regIn[7]                ; yes                    ;
; processor:proc|regIn[4]                             ; processor:proc|regIn[7]                ; yes                    ;
; processor:proc|regIn[3]                             ; processor:proc|regIn[7]                ; yes                    ;
; processor:proc|regIn[2]                             ; processor:proc|regIn[7]                ; yes                    ;
; processor:proc|regIn[1]                             ; processor:proc|regIn[7]                ; yes                    ;
; processor:proc|regIn[0]                             ; processor:proc|regIn[7]                ; yes                    ;
; processor:proc|ULA:moduloULA|G[1]                   ; processor:proc|ULA:moduloULA|Mux16     ; yes                    ;
; processor:proc|ULA:moduloULA|G[2]                   ; processor:proc|ULA:moduloULA|Mux16     ; yes                    ;
; processor:proc|ULA:moduloULA|G[3]                   ; processor:proc|ULA:moduloULA|Mux16     ; yes                    ;
; processor:proc|ULA:moduloULA|G[4]                   ; processor:proc|ULA:moduloULA|Mux16     ; yes                    ;
; processor:proc|ULA:moduloULA|G[5]                   ; processor:proc|ULA:moduloULA|Mux16     ; yes                    ;
; processor:proc|ULA:moduloULA|G[6]                   ; processor:proc|ULA:moduloULA|Mux16     ; yes                    ;
; processor:proc|ULA:moduloULA|G[7]                   ; processor:proc|ULA:moduloULA|Mux16     ; yes                    ;
; processor:proc|ULA:moduloULA|G[8]                   ; processor:proc|ULA:moduloULA|Mux16     ; yes                    ;
; processor:proc|ULA:moduloULA|G[9]                   ; processor:proc|ULA:moduloULA|Mux16     ; yes                    ;
; processor:proc|ULA:moduloULA|G[10]                  ; processor:proc|ULA:moduloULA|Mux16     ; yes                    ;
; processor:proc|ULA:moduloULA|G[11]                  ; processor:proc|ULA:moduloULA|Mux16     ; yes                    ;
; processor:proc|ULA:moduloULA|G[12]                  ; processor:proc|ULA:moduloULA|Mux16     ; yes                    ;
; processor:proc|ULA:moduloULA|G[13]                  ; processor:proc|ULA:moduloULA|Mux16     ; yes                    ;
; processor:proc|ULA:moduloULA|G[14]                  ; processor:proc|ULA:moduloULA|Mux16     ; yes                    ;
; processor:proc|ULA:moduloULA|G[15]                  ; processor:proc|ULA:moduloULA|Mux16     ; yes                    ;
; processor:proc|sinal_ULA[1]                         ; processor:proc|sinal_ULA[0]            ; yes                    ;
; processor:proc|sinal_ULA[0]                         ; processor:proc|sinal_ULA[0]            ; yes                    ;
; processor:proc|sinal_ULA[2]                         ; processor:proc|sinal_ULA[0]            ; yes                    ;
; Number of user-specified and inferred latches = 47  ;                                        ;                        ;
+-----------------------------------------------------+----------------------------------------+------------------------+
Note: All latches listed above may not be present at the end of synthesis due to various synthesis optimizations.


+------------------------------------------------------+
; General Register Statistics                          ;
+----------------------------------------------+-------+
; Statistic                                    ; Value ;
+----------------------------------------------+-------+
; Total registers                              ; 176   ;
; Number of registers using Synchronous Clear  ; 5     ;
; Number of registers using Synchronous Load   ; 0     ;
; Number of registers using Asynchronous Clear ; 0     ;
; Number of registers using Asynchronous Load  ; 0     ;
; Number of registers using Clock Enable       ; 169   ;
; Number of registers using Preset             ; 0     ;
+----------------------------------------------+-------+


+-------------------------------------------------------------------------------------------------------------------------------------------------------------------+
; Multiplexer Restructuring Statistics (Restructuring Performed)                                                                                                    ;
+--------------------+-----------+---------------+----------------------+------------------------+------------+-----------------------------------------------------+
; Multiplexer Inputs ; Bus Width ; Baseline Area ; Area if Restructured ; Saving if Restructured ; Registered ; Example Multiplexer Output                          ;
+--------------------+-----------+---------------+----------------------+------------------------+------------+-----------------------------------------------------+
; 3:1                ; 9 bits    ; 18 LEs        ; 9 LEs                ; 9 LEs                  ; Yes        ; |pratica_2|processor:proc|regn_9:reg_IR|Q[8]        ;
; 3:1                ; 16 bits   ; 32 LEs        ; 16 LEs               ; 16 LEs                 ; Yes        ; |pratica_2|processor:proc|regn:reg_0|Q[9]           ;
; 3:1                ; 16 bits   ; 32 LEs        ; 16 LEs               ; 16 LEs                 ; Yes        ; |pratica_2|processor:proc|regn:reg_1|Q[8]           ;
; 3:1                ; 16 bits   ; 32 LEs        ; 16 LEs               ; 16 LEs                 ; Yes        ; |pratica_2|processor:proc|regn:reg_2|Q[8]           ;
; 3:1                ; 16 bits   ; 32 LEs        ; 16 LEs               ; 16 LEs                 ; Yes        ; |pratica_2|processor:proc|regn:reg_3|Q[8]           ;
; 3:1                ; 16 bits   ; 32 LEs        ; 16 LEs               ; 16 LEs                 ; Yes        ; |pratica_2|processor:proc|regn:reg_4|Q[5]           ;
; 3:1                ; 16 bits   ; 32 LEs        ; 16 LEs               ; 16 LEs                 ; Yes        ; |pratica_2|processor:proc|regn:reg_5|Q[12]          ;
; 3:1                ; 16 bits   ; 32 LEs        ; 16 LEs               ; 16 LEs                 ; Yes        ; |pratica_2|processor:proc|regn:reg_6|Q[6]           ;
; 3:1                ; 16 bits   ; 32 LEs        ; 16 LEs               ; 16 LEs                 ; Yes        ; |pratica_2|processor:proc|regn:reg_7|Q[13]          ;
; 3:1                ; 16 bits   ; 32 LEs        ; 16 LEs               ; 16 LEs                 ; Yes        ; |pratica_2|processor:proc|regn:reg_G|Q[10]          ;
; 3:1                ; 16 bits   ; 32 LEs        ; 16 LEs               ; 16 LEs                 ; Yes        ; |pratica_2|processor:proc|regn:reg_A|Q[14]          ;
; 7:1                ; 8 bits    ; 32 LEs        ; 8 LEs                ; 24 LEs                 ; No         ; |pratica_2|processor:proc|regIn[7]                  ;
; 11:1               ; 4 bits    ; 28 LEs        ; 20 LEs               ; 8 LEs                  ; No         ; |pratica_2|processor:proc|ULA:moduloULA|Mux9        ;
; 11:1               ; 4 bits    ; 28 LEs        ; 20 LEs               ; 8 LEs                  ; No         ; |pratica_2|processor:proc|ULA:moduloULA|Mux5        ;
; 14:1               ; 8 bits    ; 72 LEs        ; 16 LEs               ; 56 LEs                 ; No         ; |pratica_2|processor:proc|regOut[0]                 ;
; 12:1               ; 2 bits    ; 16 LEs        ; 12 LEs               ; 4 LEs                  ; No         ; |pratica_2|processor:proc|ULA:moduloULA|Mux12       ;
; 12:1               ; 2 bits    ; 16 LEs        ; 12 LEs               ; 4 LEs                  ; No         ; |pratica_2|processor:proc|ULA:moduloULA|Mux2        ;
; 13:1               ; 2 bits    ; 16 LEs        ; 12 LEs               ; 4 LEs                  ; No         ; |pratica_2|processor:proc|ULA:moduloULA|Mux14       ;
; 10:1               ; 16 bits   ; 96 LEs        ; 112 LEs              ; -16 LEs                ; No         ; |pratica_2|processor:proc|multiplex:mult|Selector15 ;
+--------------------+-----------+---------------+----------------------+------------------------+------------+-----------------------------------------------------+


+--------------------------------------------------------------------------------------------------+
; Source assignments for memory:mem|altsyncram:altsyncram_component|altsyncram_sd81:auto_generated ;
+---------------------------------+--------------------+------+------------------------------------+
; Assignment                      ; Value              ; From ; To                                 ;
+---------------------------------+--------------------+------+------------------------------------+
; OPTIMIZE_POWER_DURING_SYNTHESIS ; NORMAL_COMPILATION ; -    ; -                                  ;
+---------------------------------+--------------------+------+------------------------------------+


+-----------------------------------------------------------------------------------------+
; Parameter Settings for User Entity Instance: memory:mem|altsyncram:altsyncram_component ;
+------------------------------------+----------------------+-----------------------------+
; Parameter Name                     ; Value                ; Type                        ;
+------------------------------------+----------------------+-----------------------------+
; BYTE_SIZE_BLOCK                    ; 8                    ; Untyped                     ;
; AUTO_CARRY_CHAINS                  ; ON                   ; AUTO_CARRY                  ;
; IGNORE_CARRY_BUFFERS               ; OFF                  ; IGNORE_CARRY                ;
; AUTO_CASCADE_CHAINS                ; ON                   ; AUTO_CASCADE                ;
; IGNORE_CASCADE_BUFFERS             ; OFF                  ; IGNORE_CASCADE              ;
; WIDTH_BYTEENA                      ; 1                    ; Untyped                     ;
; OPERATION_MODE                     ; ROM                  ; Untyped                     ;
; WIDTH_A                            ; 16                   ; Signed Integer              ;
; WIDTHAD_A                          ; 5                    ; Signed Integer              ;
; NUMWORDS_A                         ; 32                   ; Signed Integer              ;
; OUTDATA_REG_A                      ; UNREGISTERED         ; Untyped                     ;
; ADDRESS_ACLR_A                     ; NONE                 ; Untyped                     ;
; OUTDATA_ACLR_A                     ; NONE                 ; Untyped                     ;
; WRCONTROL_ACLR_A                   ; NONE                 ; Untyped                     ;
; INDATA_ACLR_A                      ; NONE                 ; Untyped                     ;
; BYTEENA_ACLR_A                     ; NONE                 ; Untyped                     ;
; WIDTH_B                            ; 1                    ; Untyped                     ;
; WIDTHAD_B                          ; 1                    ; Untyped                     ;
; NUMWORDS_B                         ; 1                    ; Untyped                     ;
; INDATA_REG_B                       ; CLOCK1               ; Untyped                     ;
; WRCONTROL_WRADDRESS_REG_B          ; CLOCK1               ; Untyped                     ;
; RDCONTROL_REG_B                    ; CLOCK1               ; Untyped                     ;
; ADDRESS_REG_B                      ; CLOCK1               ; Untyped                     ;
; OUTDATA_REG_B                      ; UNREGISTERED         ; Untyped                     ;
; BYTEENA_REG_B                      ; CLOCK1               ; Untyped                     ;
; INDATA_ACLR_B                      ; NONE                 ; Untyped                     ;
; WRCONTROL_ACLR_B                   ; NONE                 ; Untyped                     ;
; ADDRESS_ACLR_B                     ; NONE                 ; Untyped                     ;
; OUTDATA_ACLR_B                     ; NONE                 ; Untyped                     ;
; RDCONTROL_ACLR_B                   ; NONE                 ; Untyped                     ;
; BYTEENA_ACLR_B                     ; NONE                 ; Untyped                     ;
; WIDTH_BYTEENA_A                    ; 1                    ; Signed Integer              ;
; WIDTH_BYTEENA_B                    ; 1                    ; Untyped                     ;
; RAM_BLOCK_TYPE                     ; AUTO                 ; Untyped                     ;
; BYTE_SIZE                          ; 8                    ; Untyped                     ;
; READ_DURING_WRITE_MODE_MIXED_PORTS ; DONT_CARE            ; Untyped                     ;
; READ_DURING_WRITE_MODE_PORT_A      ; NEW_DATA_NO_NBE_READ ; Untyped                     ;
; READ_DURING_WRITE_MODE_PORT_B      ; NEW_DATA_NO_NBE_READ ; Untyped                     ;
; INIT_FILE                          ; memoria_init.mif     ; Untyped                     ;
; INIT_FILE_LAYOUT                   ; PORT_A               ; Untyped                     ;
; MAXIMUM_DEPTH                      ; 0                    ; Untyped                     ;
; CLOCK_ENABLE_INPUT_A               ; BYPASS               ; Untyped                     ;
; CLOCK_ENABLE_INPUT_B               ; NORMAL               ; Untyped                     ;
; CLOCK_ENABLE_OUTPUT_A              ; BYPASS               ; Untyped                     ;
; CLOCK_ENABLE_OUTPUT_B              ; NORMAL               ; Untyped                     ;
; CLOCK_ENABLE_CORE_A                ; USE_INPUT_CLKEN      ; Untyped                     ;
; CLOCK_ENABLE_CORE_B                ; USE_INPUT_CLKEN      ; Untyped                     ;
; ENABLE_ECC                         ; FALSE                ; Untyped                     ;
; ECC_PIPELINE_STAGE_ENABLED         ; FALSE                ; Untyped                     ;
; WIDTH_ECCSTATUS                    ; 3                    ; Untyped                     ;
; DEVICE_FAMILY                      ; Cyclone II           ; Untyped                     ;
; CBXI_PARAMETER                     ; altsyncram_sd81      ; Untyped                     ;
+------------------------------------+----------------------+-----------------------------+
Note: In order to hide this table in the UI and the text report file, please set the "Show Parameter Settings in Synthesis Report" option in "Analysis and Synthesis Settings -> More Settings" to "Off".


+------------------------------------------------------------------------+
; Parameter Settings for User Entity Instance: processor:proc|regn:reg_0 ;
+----------------+-------+-----------------------------------------------+
; Parameter Name ; Value ; Type                                          ;
+----------------+-------+-----------------------------------------------+
; n              ; 16    ; Signed Integer                                ;
+----------------+-------+-----------------------------------------------+
Note: In order to hide this table in the UI and the text report file, please set the "Show Parameter Settings in Synthesis Report" option in "Analysis and Synthesis Settings -> More Settings" to "Off".


+------------------------------------------------------------------------+
; Parameter Settings for User Entity Instance: processor:proc|regn:reg_1 ;
+----------------+-------+-----------------------------------------------+
; Parameter Name ; Value ; Type                                          ;
+----------------+-------+-----------------------------------------------+
; n              ; 16    ; Signed Integer                                ;
+----------------+-------+-----------------------------------------------+
Note: In order to hide this table in the UI and the text report file, please set the "Show Parameter Settings in Synthesis Report" option in "Analysis and Synthesis Settings -> More Settings" to "Off".


+------------------------------------------------------------------------+
; Parameter Settings for User Entity Instance: processor:proc|regn:reg_2 ;
+----------------+-------+-----------------------------------------------+
; Parameter Name ; Value ; Type                                          ;
+----------------+-------+-----------------------------------------------+
; n              ; 16    ; Signed Integer                                ;
+----------------+-------+-----------------------------------------------+
Note: In order to hide this table in the UI and the text report file, please set the "Show Parameter Settings in Synthesis Report" option in "Analysis and Synthesis Settings -> More Settings" to "Off".


+------------------------------------------------------------------------+
; Parameter Settings for User Entity Instance: processor:proc|regn:reg_3 ;
+----------------+-------+-----------------------------------------------+
; Parameter Name ; Value ; Type                                          ;
+----------------+-------+-----------------------------------------------+
; n              ; 16    ; Signed Integer                                ;
+----------------+-------+-----------------------------------------------+
Note: In order to hide this table in the UI and the text report file, please set the "Show Parameter Settings in Synthesis Report" option in "Analysis and Synthesis Settings -> More Settings" to "Off".


+------------------------------------------------------------------------+
; Parameter Settings for User Entity Instance: processor:proc|regn:reg_4 ;
+----------------+-------+-----------------------------------------------+
; Parameter Name ; Value ; Type                                          ;
+----------------+-------+-----------------------------------------------+
; n              ; 16    ; Signed Integer                                ;
+----------------+-------+-----------------------------------------------+
Note: In order to hide this table in the UI and the text report file, please set the "Show Parameter Settings in Synthesis Report" option in "Analysis and Synthesis Settings -> More Settings" to "Off".


+------------------------------------------------------------------------+
; Parameter Settings for User Entity Instance: processor:proc|regn:reg_5 ;
+----------------+-------+-----------------------------------------------+
; Parameter Name ; Value ; Type                                          ;
+----------------+-------+-----------------------------------------------+
; n              ; 16    ; Signed Integer                                ;
+----------------+-------+-----------------------------------------------+
Note: In order to hide this table in the UI and the text report file, please set the "Show Parameter Settings in Synthesis Report" option in "Analysis and Synthesis Settings -> More Settings" to "Off".


+------------------------------------------------------------------------+
; Parameter Settings for User Entity Instance: processor:proc|regn:reg_6 ;
+----------------+-------+-----------------------------------------------+
; Parameter Name ; Value ; Type                                          ;
+----------------+-------+-----------------------------------------------+
; n              ; 16    ; Signed Integer                                ;
+----------------+-------+-----------------------------------------------+
Note: In order to hide this table in the UI and the text report file, please set the "Show Parameter Settings in Synthesis Report" option in "Analysis and Synthesis Settings -> More Settings" to "Off".


+------------------------------------------------------------------------+
; Parameter Settings for User Entity Instance: processor:proc|regn:reg_7 ;
+----------------+-------+-----------------------------------------------+
; Parameter Name ; Value ; Type                                          ;
+----------------+-------+-----------------------------------------------+
; n              ; 16    ; Signed Integer                                ;
+----------------+-------+-----------------------------------------------+
Note: In order to hide this table in the UI and the text report file, please set the "Show Parameter Settings in Synthesis Report" option in "Analysis and Synthesis Settings -> More Settings" to "Off".


+------------------------------------------------------------------------+
; Parameter Settings for User Entity Instance: processor:proc|regn:reg_A ;
+----------------+-------+-----------------------------------------------+
; Parameter Name ; Value ; Type                                          ;
+----------------+-------+-----------------------------------------------+
; n              ; 16    ; Signed Integer                                ;
+----------------+-------+-----------------------------------------------+
Note: In order to hide this table in the UI and the text report file, please set the "Show Parameter Settings in Synthesis Report" option in "Analysis and Synthesis Settings -> More Settings" to "Off".


+------------------------------------------------------------------------+
; Parameter Settings for User Entity Instance: processor:proc|regn:reg_G ;
+----------------+-------+-----------------------------------------------+
; Parameter Name ; Value ; Type                                          ;
+----------------+-------+-----------------------------------------------+
; n              ; 16    ; Signed Integer                                ;
+----------------+-------+-----------------------------------------------+
Note: In order to hide this table in the UI and the text report file, please set the "Show Parameter Settings in Synthesis Report" option in "Analysis and Synthesis Settings -> More Settings" to "Off".


+---------------------------------------------------------------------------+
; Parameter Settings for User Entity Instance: processor:proc|regn_9:reg_IR ;
+----------------+-------+--------------------------------------------------+
; Parameter Name ; Value ; Type                                             ;
+----------------+-------+--------------------------------------------------+
; n              ; 9     ; Signed Integer                                   ;
+----------------+-------+--------------------------------------------------+
Note: In order to hide this table in the UI and the text report file, please set the "Show Parameter Settings in Synthesis Report" option in "Analysis and Synthesis Settings -> More Settings" to "Off".


+----------------------------------------------------------------------------------------+
; altsyncram Parameter Settings by Entity Instance                                       ;
+-------------------------------------------+--------------------------------------------+
; Name                                      ; Value                                      ;
+-------------------------------------------+--------------------------------------------+
; Number of entity instances                ; 1                                          ;
; Entity Instance                           ; memory:mem|altsyncram:altsyncram_component ;
;     -- OPERATION_MODE                     ; ROM                                        ;
;     -- WIDTH_A                            ; 16                                         ;
;     -- NUMWORDS_A                         ; 32                                         ;
;     -- OUTDATA_REG_A                      ; UNREGISTERED                               ;
;     -- WIDTH_B                            ; 1                                          ;
;     -- NUMWORDS_B                         ; 1                                          ;
;     -- ADDRESS_REG_B                      ; CLOCK1                                     ;
;     -- OUTDATA_REG_B                      ; UNREGISTERED                               ;
;     -- RAM_BLOCK_TYPE                     ; AUTO                                       ;
;     -- READ_DURING_WRITE_MODE_MIXED_PORTS ; DONT_CARE                                  ;
+-------------------------------------------+--------------------------------------------+


+---------------------------------------------------------+
; Port Connectivity Checks: "processor:proc|dec3to8:decY" ;
+------+-------+----------+-------------------------------+
; Port ; Type  ; Severity ; Details                       ;
+------+-------+----------+-------------------------------+
; En   ; Input ; Info     ; Stuck at VCC                  ;
+------+-------+----------+-------------------------------+


+---------------------------------------------------------+
; Port Connectivity Checks: "processor:proc|dec3to8:decX" ;
+------+-------+----------+-------------------------------+
; Port ; Type  ; Severity ; Details                       ;
+------+-------+----------+-------------------------------+
; En   ; Input ; Info     ; Stuck at VCC                  ;
+------+-------+----------+-------------------------------+


+-------------------------------+
; Elapsed Time Per Partition    ;
+----------------+--------------+
; Partition Name ; Elapsed Time ;
+----------------+--------------+
; Top            ; 00:00:01     ;
+----------------+--------------+


+-------------------------------+
; Analysis & Synthesis Messages ;
+-------------------------------+
Info: *******************************************************************
Info: Running Quartus II 64-Bit Analysis & Synthesis
    Info: Version 13.0.1 Build 232 06/12/2013 Service Pack 1 SJ Web Edition
    Info: Processing started: Fri Feb 26 16:49:39 2021
Info: Command: quartus_map --read_settings_files=on --write_settings_files=off pratica_2 -c pratica_2
Warning (20028): Parallel compilation is not licensed and has been disabled
Info (12021): Found 2 design units, including 2 entities, in source file upcount.v
    Info (12023): Found entity 1: upcount
    Info (12023): Found entity 2: upcount_5
Info (12021): Found 1 design units, including 1 entities, in source file ula.v
    Info (12023): Found entity 1: ULA
Info (12021): Found 3 design units, including 3 entities, in source file processor.v
    Info (12023): Found entity 1: regn
    Info (12023): Found entity 2: regn_9
    Info (12023): Found entity 3: processor
Info (12021): Found 1 design units, including 1 entities, in source file pratica_2.v
    Info (12023): Found entity 1: pratica_2
Info (12021): Found 1 design units, including 1 entities, in source file multiplex.v
    Info (12023): Found entity 1: multiplex
Info (12021): Found 1 design units, including 1 entities, in source file memory.v
    Info (12023): Found entity 1: memory
Info (12021): Found 1 design units, including 1 entities, in source file dec3to8.v
    Info (12023): Found entity 1: dec3to8
Info (12127): Elaborating entity "pratica_2" for the top level hierarchy
Info (12128): Elaborating entity "upcount_5" for hierarchy "upcount_5:count"
Info (12128): Elaborating entity "memory" for hierarchy "memory:mem"
Info (12128): Elaborating entity "altsyncram" for hierarchy "memory:mem|altsyncram:altsyncram_component"
Info (12130): Elaborated megafunction instantiation "memory:mem|altsyncram:altsyncram_component"
Info (12133): Instantiated megafunction "memory:mem|altsyncram:altsyncram_component" with the following parameter:
    Info (12134): Parameter "clock_enable_input_a" = "BYPASS"
    Info (12134): Parameter "clock_enable_output_a" = "BYPASS"
    Info (12134): Parameter "init_file" = "memoria_init.mif"
    Info (12134): Parameter "intended_device_family" = "Cyclone II"
    Info (12134): Parameter "lpm_hint" = "ENABLE_RUNTIME_MOD=NO"
    Info (12134): Parameter "lpm_type" = "altsyncram"
    Info (12134): Parameter "numwords_a" = "32"
    Info (12134): Parameter "operation_mode" = "ROM"
    Info (12134): Parameter "outdata_aclr_a" = "NONE"
    Info (12134): Parameter "outdata_reg_a" = "UNREGISTERED"
    Info (12134): Parameter "widthad_a" = "5"
    Info (12134): Parameter "width_a" = "16"
    Info (12134): Parameter "width_byteena_a" = "1"
Info (12021): Found 1 design units, including 1 entities, in source file db/altsyncram_sd81.tdf
    Info (12023): Found entity 1: altsyncram_sd81
Info (12128): Elaborating entity "altsyncram_sd81" for hierarchy "memory:mem|altsyncram:altsyncram_component|altsyncram_sd81:auto_generated"
Info (12128): Elaborating entity "processor" for hierarchy "processor:proc"
Warning (10235): Verilog HDL Always Construct warning at processor.v(61): variable "waiting" is read inside the Always Construct but isn't in the Always Construct's Event Control
Warning (10235): Verilog HDL Always Construct warning at processor.v(73): variable "Run" is read inside the Always Construct but isn't in the Always Construct's Event Control
Warning (10235): Verilog HDL Always Construct warning at processor.v(85): variable "waiting" is read inside the Always Construct but isn't in the Always Construct's Event Control
Warning (10270): Verilog HDL Case Statement warning at processor.v(132): incomplete case statement has no default case item
Warning (10240): Verilog HDL Always Construct warning at processor.v(60): inferring latch(es) for variable "regIn", which holds its previous value in one or more paths through the always construct
Warning (10240): Verilog HDL Always Construct warning at processor.v(60): inferring latch(es) for variable "dinOut", which holds its previous value in one or more paths through the always construct
Warning (10240): Verilog HDL Always Construct warning at processor.v(60): inferring latch(es) for variable "Done", which holds its previous value in one or more paths through the always construct
Warning (10240): Verilog HDL Always Construct warning at processor.v(60): inferring latch(es) for variable "Clear", which holds its previous value in one or more paths through the always construct
Warning (10240): Verilog HDL Always Construct warning at processor.v(60): inferring latch(es) for variable "sinal_ULA", which holds its previous value in one or more paths through the always construct
Warning (10240): Verilog HDL Always Construct warning at processor.v(60): inferring latch(es) for variable "waiting", which holds its previous value in one or more paths through the always construct
Info (10041): Inferred latch for "dinOut" at processor.v(73)
Info (10041): Inferred latch for "waiting" at processor.v(73)
Info (10041): Inferred latch for "sinal_ULA[0]" at processor.v(73)
Info (10041): Inferred latch for "sinal_ULA[1]" at processor.v(73)
Info (10041): Inferred latch for "sinal_ULA[2]" at processor.v(73)
Info (10041): Inferred latch for "Clear" at processor.v(73)
Info (10041): Inferred latch for "Done" at processor.v(73)
Info (10041): Inferred latch for "regIn[7]" at processor.v(73)
Info (10041): Inferred latch for "regIn[6]" at processor.v(73)
Info (10041): Inferred latch for "regIn[5]" at processor.v(73)
Info (10041): Inferred latch for "regIn[4]" at processor.v(73)
Info (10041): Inferred latch for "regIn[3]" at processor.v(73)
Info (10041): Inferred latch for "regIn[2]" at processor.v(73)
Info (10041): Inferred latch for "regIn[1]" at processor.v(73)
Info (10041): Inferred latch for "regIn[0]" at processor.v(73)
Info (12128): Elaborating entity "dec3to8" for hierarchy "processor:proc|dec3to8:decX"
Info (12128): Elaborating entity "upcount" for hierarchy "processor:proc|upcount:Tstep"
Info (12128): Elaborating entity "ULA" for hierarchy "processor:proc|ULA:moduloULA"
Warning (10270): Verilog HDL Case Statement warning at ULA.v(16): incomplete case statement has no default case item
Warning (10240): Verilog HDL Always Construct warning at ULA.v(16): inferring latch(es) for variable "G", which holds its previous value in one or more paths through the always construct
Info (10041): Inferred latch for "G[0]" at ULA.v(16)
Info (10041): Inferred latch for "G[1]" at ULA.v(16)
Info (10041): Inferred latch for "G[2]" at ULA.v(16)
Info (10041): Inferred latch for "G[3]" at ULA.v(16)
Info (10041): Inferred latch for "G[4]" at ULA.v(16)
Info (10041): Inferred latch for "G[5]" at ULA.v(16)
Info (10041): Inferred latch for "G[6]" at ULA.v(16)
Info (10041): Inferred latch for "G[7]" at ULA.v(16)
Info (10041): Inferred latch for "G[8]" at ULA.v(16)
Info (10041): Inferred latch for "G[9]" at ULA.v(16)
Info (10041): Inferred latch for "G[10]" at ULA.v(16)
Info (10041): Inferred latch for "G[11]" at ULA.v(16)
Info (10041): Inferred latch for "G[12]" at ULA.v(16)
Info (10041): Inferred latch for "G[13]" at ULA.v(16)
Info (10041): Inferred latch for "G[14]" at ULA.v(16)
Info (10041): Inferred latch for "G[15]" at ULA.v(16)
Info (12128): Elaborating entity "multiplex" for hierarchy "processor:proc|multiplex:mult"
Warning (10270): Verilog HDL Case Statement warning at multiplex.v(7): incomplete case statement has no default case item
Info (10264): Verilog HDL Case Statement information at multiplex.v(7): all case item expressions in this case statement are onehot
Warning (10240): Verilog HDL Always Construct warning at multiplex.v(7): inferring latch(es) for variable "Out", which holds its previous value in one or more paths through the always construct
Info (10041): Inferred latch for "Out[0]" at multiplex.v(7)
Info (10041): Inferred latch for "Out[1]" at multiplex.v(7)
Info (10041): Inferred latch for "Out[2]" at multiplex.v(7)
Info (10041): Inferred latch for "Out[3]" at multiplex.v(7)
Info (10041): Inferred latch for "Out[4]" at multiplex.v(7)
Info (10041): Inferred latch for "Out[5]" at multiplex.v(7)
Info (10041): Inferred latch for "Out[6]" at multiplex.v(7)
Info (10041): Inferred latch for "Out[7]" at multiplex.v(7)
Info (10041): Inferred latch for "Out[8]" at multiplex.v(7)
Info (10041): Inferred latch for "Out[9]" at multiplex.v(7)
Info (10041): Inferred latch for "Out[10]" at multiplex.v(7)
Info (10041): Inferred latch for "Out[11]" at multiplex.v(7)
Info (10041): Inferred latch for "Out[12]" at multiplex.v(7)
Info (10041): Inferred latch for "Out[13]" at multiplex.v(7)
Info (10041): Inferred latch for "Out[14]" at multiplex.v(7)
Info (10041): Inferred latch for "Out[15]" at multiplex.v(7)
Info (12128): Elaborating entity "regn" for hierarchy "processor:proc|regn:reg_0"
Info (12128): Elaborating entity "regn_9" for hierarchy "processor:proc|regn_9:reg_IR"
Warning (13012): Latch processor:proc|multiplex:mult|Out[0] has unsafe behavior
    Warning (13013): Ports D and ENA on the latch are fed by the same signal processor:proc|dinOut
Warning (13012): Latch processor:proc|multiplex:mult|Out[1] has unsafe behavior
    Warning (13013): Ports D and ENA on the latch are fed by the same signal processor:proc|dinOut
Warning (13012): Latch processor:proc|multiplex:mult|Out[2] has unsafe behavior
    Warning (13013): Ports D and ENA on the latch are fed by the same signal processor:proc|dinOut
Warning (13012): Latch processor:proc|multiplex:mult|Out[3] has unsafe behavior
    Warning (13013): Ports D and ENA on the latch are fed by the same signal processor:proc|dinOut
Warning (13012): Latch processor:proc|multiplex:mult|Out[4] has unsafe behavior
    Warning (13013): Ports D and ENA on the latch are fed by the same signal processor:proc|dinOut
Warning (13012): Latch processor:proc|multiplex:mult|Out[5] has unsafe behavior
    Warning (13013): Ports D and ENA on the latch are fed by the same signal processor:proc|dinOut
Warning (13012): Latch processor:proc|multiplex:mult|Out[6] has unsafe behavior
    Warning (13013): Ports D and ENA on the latch are fed by the same signal processor:proc|dinOut
Warning (13012): Latch processor:proc|multiplex:mult|Out[7] has unsafe behavior
    Warning (13013): Ports D and ENA on the latch are fed by the same signal processor:proc|dinOut
Warning (13012): Latch processor:proc|multiplex:mult|Out[8] has unsafe behavior
    Warning (13013): Ports D and ENA on the latch are fed by the same signal processor:proc|dinOut
Warning (13012): Latch processor:proc|multiplex:mult|Out[9] has unsafe behavior
    Warning (13013): Ports D and ENA on the latch are fed by the same signal processor:proc|dinOut
Warning (13012): Latch processor:proc|multiplex:mult|Out[10] has unsafe behavior
    Warning (13013): Ports D and ENA on the latch are fed by the same signal processor:proc|dinOut
Warning (13012): Latch processor:proc|multiplex:mult|Out[11] has unsafe behavior
    Warning (13013): Ports D and ENA on the latch are fed by the same signal processor:proc|dinOut
Warning (13012): Latch processor:proc|multiplex:mult|Out[12] has unsafe behavior
    Warning (13013): Ports D and ENA on the latch are fed by the same signal processor:proc|dinOut
Warning (13012): Latch processor:proc|multiplex:mult|Out[13] has unsafe behavior
    Warning (13013): Ports D and ENA on the latch are fed by the same signal processor:proc|dinOut
Warning (13012): Latch processor:proc|multiplex:mult|Out[14] has unsafe behavior
    Warning (13013): Ports D and ENA on the latch are fed by the same signal processor:proc|dinOut
Warning (13012): Latch processor:proc|multiplex:mult|Out[15] has unsafe behavior
    Warning (13013): Ports D and ENA on the latch are fed by the same signal processor:proc|dinOut
Warning (13012): Latch processor:proc|Done has unsafe behavior
    Warning (13013): Ports D and ENA on the latch are fed by the same signal processor:proc|upcount:Tstep|Q[0]
Warning (13012): Latch processor:proc|ULA:moduloULA|G[0] has unsafe behavior
    Warning (13013): Ports D and ENA on the latch are fed by the same signal processor:proc|sinal_ULA[2]
Warning (13012): Latch processor:proc|Clear has unsafe behavior
    Warning (13013): Ports D and ENA on the latch are fed by the same signal processor:proc|upcount:Tstep|Q[0]
Warning (13012): Latch processor:proc|regIn[7] has unsafe behavior
    Warning (13013): Ports D and ENA on the latch are fed by the same signal Run
Warning (13012): Latch processor:proc|regIn[6] has unsafe behavior
    Warning (13013): Ports D and ENA on the latch are fed by the same signal Run
Warning (13012): Latch processor:proc|regIn[5] has unsafe behavior
    Warning (13013): Ports D and ENA on the latch are fed by the same signal Run
Warning (13012): Latch processor:proc|regIn[4] has unsafe behavior
    Warning (13013): Ports D and ENA on the latch are fed by the same signal Run
Warning (13012): Latch processor:proc|regIn[3] has unsafe behavior
    Warning (13013): Ports D and ENA on the latch are fed by the same signal Run
Warning (13012): Latch processor:proc|regIn[2] has unsafe behavior
    Warning (13013): Ports D and ENA on the latch are fed by the same signal Run
Warning (13012): Latch processor:proc|regIn[1] has unsafe behavior
    Warning (13013): Ports D and ENA on the latch are fed by the same signal Run
Warning (13012): Latch processor:proc|regIn[0] has unsafe behavior
    Warning (13013): Ports D and ENA on the latch are fed by the same signal Run
Warning (13012): Latch processor:proc|ULA:moduloULA|G[1] has unsafe behavior
    Warning (13013): Ports D and ENA on the latch are fed by the same signal processor:proc|sinal_ULA[1]
Warning (13012): Latch processor:proc|ULA:moduloULA|G[2] has unsafe behavior
    Warning (13013): Ports D and ENA on the latch are fed by the same signal processor:proc|sinal_ULA[2]
Warning (13012): Latch processor:proc|ULA:moduloULA|G[3] has unsafe behavior
    Warning (13013): Ports D and ENA on the latch are fed by the same signal processor:proc|sinal_ULA[2]
Warning (13012): Latch processor:proc|ULA:moduloULA|G[4] has unsafe behavior
    Warning (13013): Ports D and ENA on the latch are fed by the same signal processor:proc|sinal_ULA[2]
Warning (13012): Latch processor:proc|ULA:moduloULA|G[5] has unsafe behavior
    Warning (13013): Ports D and ENA on the latch are fed by the same signal processor:proc|sinal_ULA[2]
Warning (13012): Latch processor:proc|ULA:moduloULA|G[6] has unsafe behavior
    Warning (13013): Ports D and ENA on the latch are fed by the same signal processor:proc|sinal_ULA[2]
Warning (13012): Latch processor:proc|ULA:moduloULA|G[7] has unsafe behavior
    Warning (13013): Ports D and ENA on the latch are fed by the same signal processor:proc|sinal_ULA[2]
Warning (13012): Latch processor:proc|ULA:moduloULA|G[8] has unsafe behavior
    Warning (13013): Ports D and ENA on the latch are fed by the same signal processor:proc|sinal_ULA[2]
Warning (13012): Latch processor:proc|ULA:moduloULA|G[9] has unsafe behavior
    Warning (13013): Ports D and ENA on the latch are fed by the same signal processor:proc|sinal_ULA[2]
Warning (13012): Latch processor:proc|ULA:moduloULA|G[10] has unsafe behavior
    Warning (13013): Ports D and ENA on the latch are fed by the same signal processor:proc|sinal_ULA[2]
Warning (13012): Latch processor:proc|ULA:moduloULA|G[11] has unsafe behavior
    Warning (13013): Ports D and ENA on the latch are fed by the same signal processor:proc|sinal_ULA[2]
Warning (13012): Latch processor:proc|ULA:moduloULA|G[12] has unsafe behavior
    Warning (13013): Ports D and ENA on the latch are fed by the same signal processor:proc|sinal_ULA[2]
Warning (13012): Latch processor:proc|ULA:moduloULA|G[13] has unsafe behavior
    Warning (13013): Ports D and ENA on the latch are fed by the same signal processor:proc|sinal_ULA[2]
Warning (13012): Latch processor:proc|ULA:moduloULA|G[14] has unsafe behavior
    Warning (13013): Ports D and ENA on the latch are fed by the same signal processor:proc|sinal_ULA[1]
Warning (13012): Latch processor:proc|ULA:moduloULA|G[15] has unsafe behavior
    Warning (13013): Ports D and ENA on the latch are fed by the same signal processor:proc|sinal_ULA[1]
Warning (13012): Latch processor:proc|sinal_ULA[1] has unsafe behavior
    Warning (13013): Ports D and ENA on the latch are fed by the same signal processor:proc|regn_9:reg_IR|Q[7]
Warning (13012): Latch processor:proc|sinal_ULA[2] has unsafe behavior
    Warning (13013): Ports D and ENA on the latch are fed by the same signal processor:proc|regn_9:reg_IR|Q[7]
Info (16010): Generating hard_block partition "hard_block:auto_generated_inst"
    Info (16011): Adding 0 node(s), including 0 DDIO, 0 PLL, 0 transceiver and 0 LCELL
Info (21057): Implemented 706 device resources after synthesis - the final resource count might be different
    Info (21058): Implemented 4 input pins
    Info (21059): Implemented 17 output pins
    Info (21061): Implemented 669 logic cells
    Info (21064): Implemented 16 RAM segments
Info: Quartus II 64-Bit Analysis & Synthesis was successful. 0 errors, 103 warnings
    Info: Peak virtual memory: 4617 megabytes
    Info: Processing ended: Fri Feb 26 16:49:43 2021
    Info: Elapsed time: 00:00:04
    Info: Total CPU time (on all processors): 00:00:03


